<?xml version="1.0" encoding="UTF-8"?>
<!-- Generated by org.testng.reporters.JUnitReportReporter -->
<testsuite skipped="0" hostname="DESKTOP-F6N6R57" name="MagentoTest" tests="1" failures="0" timestamp="21 Dec 2018 04:26:26 GMT" time="44.702" errors="0">
  <testcase name="creadential" time="44.702" classname="MagentoTest"/>
</testsuite> <!-- MagentoTest -->
