<?xml version="1.0" encoding="UTF-8"?>
<!-- Generated by org.testng.reporters.JUnitReportReporter -->
<testsuite skipped="0" hostname="DESKTOP-F6N6R57" name="Com.abc.Demo.Testing" tests="2" failures="0" timestamp="17 Dec 2018 03:33:58 GMT" time="0.016" errors="0">
  <testcase name="Test2" time="0.000" classname="Com.abc.Demo.Testing"/>
  <testcase name="Test1" time="0.016" classname="Com.abc.Demo.Testing"/>
</testsuite> <!-- Com.abc.Demo.Testing -->
